d:\vendingmachine\vendingmachine\vendingmachine\release\vc140.pdb
d:\vendingmachine\vendingmachine\vendingmachine\release\vendingmachine.obj
d:\vendingmachine\vendingmachine\vendingmachine\release\softdrink.obj
d:\vendingmachine\vendingmachine\vendingmachine\release\productoutofstockexception.obj
d:\vendingmachine\vendingmachine\vendingmachine\release\productnotfoundexception.obj
d:\vendingmachine\vendingmachine\vendingmachine\release\productfactory.obj
d:\vendingmachine\vendingmachine\vendingmachine\release\productcodeinvalidexception.obj
d:\vendingmachine\vendingmachine\vendingmachine\release\categorytypemismatchexception.obj
d:\vendingmachine\vendingmachine\vendingmachine\release\product.obj
d:\vendingmachine\vendingmachine\vendingmachine\release\operations.obj
d:\vendingmachine\vendingmachine\vendingmachine\release\message.obj
d:\vendingmachine\vendingmachine\vendingmachine\release\main.obj
d:\vendingmachine\vendingmachine\vendingmachine\release\juice.obj
d:\vendingmachine\vendingmachine\vendingmachine\release\insufficientbalanceexception.obj
d:\vendingmachine\vendingmachine\vendingmachine\release\existingproductexception.obj
d:\vendingmachine\vendingmachine\vendingmachine\release\currencyutil.obj
d:\vendingmachine\vendingmachine\vendingmachine\release\chips.obj
d:\vendingmachine\vendingmachine\vendingmachine\release\biscuit.obj
d:\vendingmachine\vendingmachine\vendingmachine\release\banana.obj
d:\vendingmachine\vendingmachine\vendingmachine\release\apple.obj
d:\vendingmachine\vendingmachine\release\vendingmachine.exe
d:\vendingmachine\vendingmachine\release\vendingmachine.ipdb
d:\vendingmachine\vendingmachine\release\vendingmachine.iobj
d:\vendingmachine\vendingmachine\release\vendingmachine.pdb
d:\vendingmachine\vendingmachine\vendingmachine\release\vendingmachine.tlog\cl.command.1.tlog
d:\vendingmachine\vendingmachine\vendingmachine\release\vendingmachine.tlog\cl.read.1.tlog
d:\vendingmachine\vendingmachine\vendingmachine\release\vendingmachine.tlog\cl.write.1.tlog
d:\vendingmachine\vendingmachine\vendingmachine\release\vendingmachine.tlog\link.command.1.tlog
d:\vendingmachine\vendingmachine\vendingmachine\release\vendingmachine.tlog\link.read.1.tlog
d:\vendingmachine\vendingmachine\vendingmachine\release\vendingmachine.tlog\link.write.1.tlog
